Traceback (most recent call last):
  File "/Users/jack/EarlyRepairer/lstar-standalone/lstar/repairer_lstar_ec.py", line 51, in <module>
    from lstar.observation_table import ObservationTable
  File "/Users/jack/EarlyRepairer/lstar-standalone/lstar/__init__.py", line 6, in <module>
    from .teacher import Teacher, Oracle
  File "/Users/jack/EarlyRepairer/lstar-standalone/lstar/teacher.py", line 13, in <module>
    import rxfuzzer
  File "/Users/jack/EarlyRepairer/lstar-standalone/py/rxfuzzer-0.0.1-py2.py3-none-any.whl/rxfuzzer/__init__.py", line 12, in <module>
    from .post import *
  File "/Users/jack/EarlyRepairer/lstar-standalone/py/rxfuzzer-0.0.1-py2.py3-none-any.whl/rxfuzzer/post.py", line 38, in <module>
    import sympy
  File "/Users/jack/EarlyRepairer/lstar-standalone/py/sympy-1.8-py3-none-any.whl/sympy/__init__.py", line 51, in <module>
    from .core import (sympify, SympifyError, cacheit, Basic, Atom,
    ...<11 lines>...
            Catalan, EulerGamma, GoldenRatio, TribonacciConstant)
  File "/Users/jack/EarlyRepairer/lstar-standalone/py/sympy-1.8-py3-none-any.whl/sympy/core/__init__.py", line 4, in <module>
    from .sympify import sympify, SympifyError
  File "/Users/jack/EarlyRepairer/lstar-standalone/py/sympy-1.8-py3-none-any.whl/sympy/core/sympify.py", line 9, in <module>
    from .compatibility import iterable
  File "/Users/jack/EarlyRepairer/lstar-standalone/py/sympy-1.8-py3-none-any.whl/sympy/core/compatibility.py", line 11, in <module>
    from sympy.external import import_module
  File "/Users/jack/EarlyRepairer/lstar-standalone/py/sympy-1.8-py3-none-any.whl/sympy/external/__init__.py", line 18, in <module>
    from sympy.external.importtools import import_module
  File "/Users/jack/EarlyRepairer/lstar-standalone/py/sympy-1.8-py3-none-any.whl/sympy/external/importtools.py", line 4, in <module>
    from distutils.version import LooseVersion
ModuleNotFoundError: No module named 'distutils'
