Traceback (most recent call last):
  File "/Users/jack/EarlyRepairer/lstar-standalone/lstar/repairer_lstar_ec.py", line 51, in <module>
    from lstar.observation_table import ObservationTable
  File "/Users/jack/EarlyRepairer/lstar-standalone/lstar/__init__.py", line 6, in <module>
    from .teacher import Teacher, Oracle
  File "/Users/jack/EarlyRepairer/lstar-standalone/lstar/teacher.py", line 13, in <module>
    import rxfuzzer
  File "/Users/jack/EarlyRepairer/lstar-standalone/py/rxfuzzer-0.0.1-py2.py3-none-any.whl/rxfuzzer/__init__.py", line 12, in <module>
    from .post import *
  File "/Users/jack/EarlyRepairer/lstar-standalone/py/rxfuzzer-0.0.1-py2.py3-none-any.whl/rxfuzzer/post.py", line 38, in <module>
    import sympy
  File "/Users/jack/EarlyRepairer/lstar-standalone/py/sympy-1.8-py3-none-any.whl/sympy/__init__.py", line 22, in <module>
    import mpmath
  File "/Users/jack/EarlyRepairer/lstar-standalone/py/mpmath-1.2.1-py3-none-any.whl/mpmath/__init__.py", line 7, in <module>
    from .ctx_iv import MPIntervalContext
  File "<frozen importlib._bootstrap>", line 1360, in _find_and_load
  File "<frozen importlib._bootstrap>", line 1331, in _find_and_load_unlocked
  File "<frozen importlib._bootstrap>", line 935, in _load_unlocked
  File "<frozen importlib._bootstrap_external>", line 1022, in exec_module
  File "<frozen zipimport>", line 137, in get_code
  File "<frozen zipimport>", line 791, in _get_module_code
  File "<frozen zipimport>", line 720, in _compile_source
KeyboardInterrupt
